
> frontend@0.1.0 start
> craco start

(node:10384) [DEP_WEBPACK_DEV_SERVER_ON_AFTER_SETUP_MIDDLEWARE] DeprecationWarning: 'onAfterSetupMiddleware' option is deprecated. Please use the 'setupMiddlewares' option.
(Use `node --trace-deprecation ...` to show where the warning was created)
(node:10384) [DEP_WEBPACK_DEV_SERVER_ON_BEFORE_SETUP_MIDDLEWARE] DeprecationWarning: 'onBeforeSetupMiddleware' option is deprecated. Please use the 'setupMiddlewares' option.
Starting the development server...

(node:10384) [DEP_WEBPACK_COMPILATION_ASSETS] DeprecationWarning: Compilation.assets will be frozen in future, all modifications are deprecated.
BREAKING CHANGE: No more changes should happen to Compilation.assets after sealing the Compilation.
	Do changes to assets earlier, e. g. in Compilation.hooks.processAssets.
	Make sure to select an appropriate stage from Compilation.PROCESS_ASSETS_STAGE_*.
Compiled successfully!

You can now view frontend in the browser.

  Local:            http://localhost:3000
  On Your Network:  http://192.168.100.8:3000

Note that the development build is not optimized.
To create a production build, use yarn build.

webpack compiled [1m[32msuccessfully[39m[22m
Compiling...
Compiled successfully!
webpack compiled [1m[32msuccessfully[39m[22m
Compiling...
Compiled with warnings.

[eslint] 
src\components\nutrition\BuildMealModal.jsx
  Line 370:8:  React Hook useEffect has missing dependencies: 'mealKey' and 'mealsData'. Either include them or remove the dependency array  react-hooks/exhaustive-deps

Search for the keywords to learn more about each warning.
To ignore, add // eslint-disable-next-line to the line before.

[1m[33mWARNING[39m[22m in [1m[eslint] 
src\components\nutrition\BuildMealModal.jsx
  Line 370:8:  React Hook useEffect has missing dependencies: 'mealKey' and 'mealsData'. Either include them or remove the dependency array  react-hooks/exhaustive-deps

[39m[22m

webpack compiled with [1m[33m1 warning[39m[22m
Compiling...
Compiled with warnings.

[eslint] 
src\components\nutrition\BuildMealModal.jsx
  Line 370:8:  React Hook useEffect has missing dependencies: 'mealKey' and 'mealsData'. Either include them or remove the dependency array  react-hooks/exhaustive-deps

Search for the keywords to learn more about each warning.
To ignore, add // eslint-disable-next-line to the line before.

[1m[33mWARNING[39m[22m in [1m[eslint] 
src\components\nutrition\BuildMealModal.jsx
  Line 370:8:  React Hook useEffect has missing dependencies: 'mealKey' and 'mealsData'. Either include them or remove the dependency array  react-hooks/exhaustive-deps

[39m[22m

webpack compiled with [1m[33m1 warning[39m[22m
Compiling...
Compiled with warnings.

[eslint] 
src\components\nutrition\BuildMealModal.jsx
  Line 370:8:  React Hook useEffect has missing dependencies: 'mealKey' and 'mealsData'. Either include them or remove the dependency array  react-hooks/exhaustive-deps

Search for the keywords to learn more about each warning.
To ignore, add // eslint-disable-next-line to the line before.

[1m[33mWARNING[39m[22m in [1m[eslint] 
src\components\nutrition\BuildMealModal.jsx
  Line 370:8:  React Hook useEffect has missing dependencies: 'mealKey' and 'mealsData'. Either include them or remove the dependency array  react-hooks/exhaustive-deps

[39m[22m

webpack compiled with [1m[33m1 warning[39m[22m
Compiling...
Compiled with warnings.

[eslint] 
src\components\nutrition\BuildMealModal.jsx
  Line 370:8:  React Hook useEffect has missing dependencies: 'mealKey' and 'mealsData'. Either include them or remove the dependency array  react-hooks/exhaustive-deps

Search for the keywords to learn more about each warning.
To ignore, add // eslint-disable-next-line to the line before.

[1m[33mWARNING[39m[22m in [1m[eslint] 
src\components\nutrition\BuildMealModal.jsx
  Line 370:8:  React Hook useEffect has missing dependencies: 'mealKey' and 'mealsData'. Either include them or remove the dependency array  react-hooks/exhaustive-deps

[39m[22m

webpack compiled with [1m[33m1 warning[39m[22m
Compiling...
Compiled with warnings.

[eslint] 
src\components\nutrition\BuildMealModal.jsx
  Line 370:8:  React Hook useEffect has missing dependencies: 'mealKey' and 'mealsData'. Either include them or remove the dependency array  react-hooks/exhaustive-deps

Search for the keywords to learn more about each warning.
To ignore, add // eslint-disable-next-line to the line before.

[1m[33mWARNING[39m[22m in [1m[eslint] 
src\components\nutrition\BuildMealModal.jsx
  Line 370:8:  React Hook useEffect has missing dependencies: 'mealKey' and 'mealsData'. Either include them or remove the dependency array  react-hooks/exhaustive-deps

[39m[22m

webpack compiled with [1m[33m1 warning[39m[22m
Compiling...
Compiled with warnings.

[eslint] 
src\components\nutrition\BuildMealModal.jsx
  Line 370:8:  React Hook useEffect has missing dependencies: 'mealKey' and 'mealsData'. Either include them or remove the dependency array  react-hooks/exhaustive-deps

Search for the keywords to learn more about each warning.
To ignore, add // eslint-disable-next-line to the line before.

[1m[33mWARNING[39m[22m in [1m[eslint] 
src\components\nutrition\BuildMealModal.jsx
  Line 370:8:  React Hook useEffect has missing dependencies: 'mealKey' and 'mealsData'. Either include them or remove the dependency array  react-hooks/exhaustive-deps

[39m[22m

webpack compiled with [1m[33m1 warning[39m[22m
Compiling...
Compiled with warnings.

[eslint] 
src\components\nutrition\BuildMealModal.jsx
  Line 370:8:  React Hook useEffect has missing dependencies: 'mealKey' and 'mealsData'. Either include them or remove the dependency array  react-hooks/exhaustive-deps

Search for the keywords to learn more about each warning.
To ignore, add // eslint-disable-next-line to the line before.

[1m[33mWARNING[39m[22m in [1m[eslint] 
src\components\nutrition\BuildMealModal.jsx
  Line 370:8:  React Hook useEffect has missing dependencies: 'mealKey' and 'mealsData'. Either include them or remove the dependency array  react-hooks/exhaustive-deps

[39m[22m

webpack compiled with [1m[33m1 warning[39m[22m
Compiling...
Compiled with warnings.

[eslint] 
src\components\nutrition\BuildMealModal.jsx
  Line 370:8:  React Hook useEffect has missing dependencies: 'mealKey' and 'mealsData'. Either include them or remove the dependency array  react-hooks/exhaustive-deps

Search for the keywords to learn more about each warning.
To ignore, add // eslint-disable-next-line to the line before.

[1m[33mWARNING[39m[22m in [1m[eslint] 
src\components\nutrition\BuildMealModal.jsx
  Line 370:8:  React Hook useEffect has missing dependencies: 'mealKey' and 'mealsData'. Either include them or remove the dependency array  react-hooks/exhaustive-deps

[39m[22m

webpack compiled with [1m[33m1 warning[39m[22m
